C51 COMPILER V9.54   TASK_2                                                                11/21/2018 14:49:11 PAGE 1   


C51 COMPILER V9.54, COMPILATION OF MODULE TASK_2
OBJECT MODULE PLACED IN .\Objects\Task 2.obj
COMPILER INVOKED BY: C:\Keil_v5\C51\BIN\C51.EXE Task 2.c OPTIMIZE(8,SPEED) BROWSE DEBUG OBJECTEXTEND PRINT(.\Listings\Ta
                    -sk 2.lst) TABS(2) OBJECT(.\Objects\Task 2.obj)

line level    source

   1          #include<reg52.h>
   2          sbit led0=P2^0;
   3          sbit led1=P2^1;
   4          sbit led2=P2^2;
   5          sbit led3=P2^3;
   6          sbit led4=P2^4;
   7          sbit led5=P2^5;
   8          sbit led6=P2^6;
   9          sbit led7=P2^7;
  10          void delay(unsigned int i)
  11          {
  12   1        while(i--);
  13   1      }
  14          void main()
  15          {
  16   1        delay(1e8);
  17   1        led0=0;
  18   1        delay(1e8);
  19   1        led1=0;
  20   1        delay(1e8);
  21   1        led2=0;
  22   1        delay(1e8);
  23   1        led3=0;
  24   1        delay(1e8);
  25   1        led4=0;
  26   1        delay(1e8);
  27   1        led5=0;
  28   1        delay(1e8);
  29   1        led6=0;
  30   1        delay(1e8);
  31   1        led7=0;
  32   1        delay(1e8);
  33   1        led7=1;
  34   1        led6=1;
  35   1        led5=1;
  36   1        led4=1;
  37   1        led3=1;
  38   1        led2=1;
  39   1        led1=1;
  40   1        led0=1;
  41   1        
  42   1      }


MODULE INFORMATION:   STATIC OVERLAYABLE
   CODE SIZE        =     75    ----
   CONSTANT SIZE    =   ----    ----
   XDATA SIZE       =   ----    ----
   PDATA SIZE       =   ----    ----
   DATA SIZE        =   ----    ----
   IDATA SIZE       =   ----    ----
   BIT SIZE         =   ----    ----
END OF MODULE INFORMATION.


C51 COMPILATION COMPLETE.  0 WARNING(S),  0 ERROR(S)
