C51 COMPILER V9.54   TASK_5                                                                11/24/2018 14:36:21 PAGE 1   


C51 COMPILER V9.54, COMPILATION OF MODULE TASK_5
OBJECT MODULE PLACED IN .\Objects\Task 5.obj
COMPILER INVOKED BY: C:\Keil_v5\C51\BIN\C51.EXE Task 5.c OPTIMIZE(8,SPEED) BROWSE DEBUG OBJECTEXTEND PRINT(.\Listings\Ta
                    -sk 5.lst) TABS(2) OBJECT(.\Objects\Task 5.obj)

line level    source

   1          #include<reg52.h>
   2          #include<math.h>
   3          typedef unsigned int ui;
   4          typedef unsigned char uc;
   5          sbit led0=P2^0;
   6          sbit led1=P2^1;
   7          sbit led2=P2^2;
   8          sbit led3=P2^3;
   9          sbit led4=P2^4;
  10          sbit led5=P2^5;
  11          sbit led6=P2^6;
  12          sbit led7=P2^7;
  13          sbit LSA=P2^2;
  14          sbit LSB=P2^3;
  15          sbit LSC=P2^4;
  16          static char keynum;
  17            char code du[]={0x3f,0x06,0x5b,0x4f,0x66,0x6d,0x7d,0x07,
  18                                                 0x7f,0x6f,0x77,0x7c,0x39,0x5e,0x79,0x71};
  19          
  20           void delay(unsigned int i)   //i=1 10us
  21          {
  22   1        while(i--);
  23   1      }
  24          
  25          void we(char i)   //??0~7
  26          {
  27   1        switch(i)
  28   1        {
  29   2          case 0:LSA=0,LSB=0,LSC=0;break;
  30   2          case 1:LSA=1,LSB=0,LSC=0;break;
  31   2          case 2:LSA=0,LSB=1,LSC=0;break;
  32   2          case 3:LSA=1,LSB=1,LSC=0;break;
  33   2          case 4:LSA=0,LSB=0,LSC=1;break;
  34   2          case 5:LSA=1,LSB=0,LSC=1;break;
  35   2          case 6:LSA=0,LSB=1,LSC=1;break;
  36   2          case 7:LSA=1,LSB=1,LSC=1;
  37   2        }
  38   1      }
  39          
  40          void see(int i,char j)
  41          {
  42   1           we(j);
  43   1            i=i/pow(10,j);
  44   1           P0=i%10;
  45   1      }
  46          
  47          void timer0()    
  48          {
  49   1        TMOD=0X01;
  50   1        TH0=0XFC;
  51   1        TL0=0X18;      // 1ms
  52   1        ET0=1;
  53   1        EA=1;
  54   1        TR0=1;  
C51 COMPILER V9.54   TASK_5                                                                11/24/2018 14:36:21 PAGE 2   

  55   1      }
  56          
  57          void key()
  58          {
  59   1      
  60   1        char a=0;
  61   1        P1=0x0f;
  62   1        if(P1!=0x0f)//读取按键是否按下
  63   1        {
  64   2          delay(1000);//延时10ms进行消抖
  65   2          if(P1!=0x0f)//再次检测键盘是否按下
  66   2          { 
  67   3            //测试列
  68   3            P1=0X0F;
  69   3            switch(P1)
  70   3            {
  71   4              case(0X07): keynum=0;break;
  72   4              case(0X0b): keynum=1;break;
  73   4              case(0X0d): keynum=2;break;
  74   4              case(0X0e): keynum=3;break;
  75   4            }
  76   3            //测试行
  77   3            P1=0XF0;
  78   3            switch(P1)
  79   3            {
  80   4              case(0X70): keynum=keynum;break;
  81   4              case(0Xb0): keynum=keynum+4;break;
  82   4              case(0Xd0): keynum=keynum+8;break;
  83   4              case(0Xe0): keynum=keynum+12;break;
  84   4            }
  85   3            while((a<50)&&(P1!=0xf0))  //检测按键松手检测
  86   3            {
  87   4              delay(1000);
  88   4              a++;
  89   4            }
  90   3          }
  91   2        }
  92   1      }
  93          
  94          
  95          static i=0,t=0;      //static   
  96          //main function
  97          void main()
  98          {
  99   1      
 100   1        while(1)
 101   1        {
 102   2          P1=0x0f;
 103   2          while(P1==0x0f) ;
 104   2          key();
 105   2          we(0);
 106   2          P0=du[keynum];
 107   2          delay(1000);
 108   2        }
 109   1      }


MODULE INFORMATION:   STATIC OVERLAYABLE
   CODE SIZE        =    357    ----
   CONSTANT SIZE    =     16    ----
   XDATA SIZE       =   ----    ----
   PDATA SIZE       =   ----    ----
C51 COMPILER V9.54   TASK_5                                                                11/24/2018 14:36:21 PAGE 3   

   DATA SIZE        =      5       3
   IDATA SIZE       =   ----    ----
   BIT SIZE         =   ----    ----
END OF MODULE INFORMATION.


C51 COMPILATION COMPLETE.  0 WARNING(S),  0 ERROR(S)
