C51 COMPILER V9.54   1                                                                     11/23/2018 17:10:11 PAGE 1   


C51 COMPILER V9.54, COMPILATION OF MODULE 1
OBJECT MODULE PLACED IN .\Objects\1.obj
COMPILER INVOKED BY: C:\Keil_v5\C51\BIN\C51.EXE 1.c OPTIMIZE(8,SPEED) BROWSE DEBUG OBJECTEXTEND PRINT(.\Listings\1.lst) 
                    -TABS(2) OBJECT(.\Objects\1.obj)

line level    source

   1          #include<reg52.h>
   2          #include<math.h>
   3          typedef unsigned int ui;
   4          typedef unsigned char uc;
   5          sbit led0=P2^0;
   6          sbit led1=P2^1;
   7          sbit led2=P2^2;
   8          sbit led3=P2^3;
   9          sbit led4=P2^4;
  10          sbit led5=P2^5;
  11          sbit led6=P2^6;
  12          sbit led7=P2^7;
  13          sbit LSA=P2^2;
  14          sbit LSB=P2^3;
  15          sbit LSC=P2^4;
  16          
  17            char code du[]={0x3f,0x06,0x5b,0x4f,0x66,0x6d,0x7d,0x07,
  18                                                 0x7f,0x6f,0x77,0x7c,0x39,0x5e,0x79,0x71};
  19          
  20          void we(int i)   //ฮปัก0~7
  21          {
  22   1        switch(i)
  23   1        {
  24   2          case 0:LSA=0,LSB=0,LSC=0;
  25   2          case 1:LSA=1,LSB=0,LSC=0;
  26   2          case 2:LSA=0,LSB=1,LSC=0;
  27   2          case 3:LSA=1,LSB=1,LSC=0;
  28   2          case 4:LSA=0,LSB=0,LSC=1;
  29   2          case 5:LSA=1,LSB=0,LSC=1;
  30   2          case 6:LSA=0,LSB=1,LSC=1;
  31   2          case 7:LSA=1,LSB=1,LSC=1;
  32   2        }
  33   1      }
  34          
  35          
  36          void timer0()    
  37          {
  38   1        TMOD=0X01;
  39   1        TH0=0XFC;
  40   1        TL0=0X18;      // 1ms
  41   1        ET0=1;
  42   1        EA=1;
  43   1        TR0=1;  
  44   1      }
  45          
  46          
  47          void delay(unsigned int i)   //i=1 10us
  48          {
  49   1        while(i--);
  50   1      }
  51          static i=0,s=0xff,t=0;
  52          //main function
  53          void main()
  54          {
C51 COMPILER V9.54   1                                                                     11/23/2018 17:10:11 PAGE 2   

  55   1        P2=0xff;
  56   1        timer0();
  57   1        while(t!=8);
  58   1        delay(1e7);
  59   1        P2=0XFF;
  60   1         
  61   1         EA=0;
  62   1        while(1);
  63   1      }
  64          
  65          void exit() interrupt 1
  66          {
  67   1        i++;
  68   1        TH0=0XFC;
  69   1        TL0=0X18; 
  70   1         if(i==1000)
  71   1         {
  72   2        
  73   2           i=0;
  74   2             s=s<<1;
  75   2           P2=s;
  76   2           t++;
  77   2      
  78   2      }
  79   1      }


MODULE INFORMATION:   STATIC OVERLAYABLE
   CODE SIZE        =    205    ----
   CONSTANT SIZE    =     16    ----
   XDATA SIZE       =   ----    ----
   PDATA SIZE       =   ----    ----
   DATA SIZE        =      6    ----
   IDATA SIZE       =   ----    ----
   BIT SIZE         =   ----    ----
END OF MODULE INFORMATION.


C51 COMPILATION COMPLETE.  0 WARNING(S),  0 ERROR(S)
