C51 COMPILER V9.54   TASK_2                                                                11/24/2018 13:50:33 PAGE 1   


C51 COMPILER V9.54, COMPILATION OF MODULE TASK_2
OBJECT MODULE PLACED IN .\Objects\Task 2.obj
COMPILER INVOKED BY: C:\Keil_v5\C51\BIN\C51.EXE Task 2.c OPTIMIZE(8,SPEED) BROWSE DEBUG OBJECTEXTEND PRINT(.\Listings\Ta
                    -sk 2.lst) TABS(2) OBJECT(.\Objects\Task 2.obj)

line level    source

   1          #include<reg52.h>
   2          #include<math.h>
   3          typedef unsigned int ui;
   4          typedef unsigned char uc;
   5          sbit led0=P2^0;
   6          sbit led1=P2^1;
   7          sbit led2=P2^2;
   8          sbit led3=P2^3;
   9          sbit led4=P2^4;
  10          sbit led5=P2^5;
  11          sbit led6=P2^6;
  12          sbit led7=P2^7;
  13          sbit LSA=P2^2;
  14          sbit LSB=P2^3;
  15          sbit LSC=P2^4;
  16          
  17            char code du[]={0x3f,0x06,0x5b,0x4f,0x66,0x6d,0x7d,0x07,
  18                                                 0x7f,0x6f,0x77,0x7c,0x39,0x5e,0x79,0x71};
  19          
  20           void delay(unsigned int i)   //i=1 10us
  21          {
  22   1        while(i--);
  23   1      }
  24          
  25          void we(char i)   //ฮปัก0~7
  26          {
  27   1        switch(i)
  28   1        {
  29   2          case 0:LSA=0,LSB=0,LSC=0;break;
  30   2          case 1:LSA=1,LSB=0,LSC=0;break;
  31   2          case 2:LSA=0,LSB=1,LSC=0;break;
  32   2          case 3:LSA=1,LSB=1,LSC=0;break;
  33   2          case 4:LSA=0,LSB=0,LSC=1;break;
  34   2          case 5:LSA=1,LSB=0,LSC=1;break;
  35   2          case 6:LSA=0,LSB=1,LSC=1;break;
  36   2          case 7:LSA=1,LSB=1,LSC=1;
  37   2        }
  38   1      }
  39          
  40          void see(int i,char j)
  41          {
  42   1           we(j);
  43   1            i=i/pow(10,j);
  44   1           P0=i%10;
  45   1        
  46   1      }
  47          
  48          void timer0()    
  49          {
  50   1        TMOD=0X01;
  51   1        TH0=0XFC;
  52   1        TL0=0X18;      // 1ms
  53   1        ET0=1;
  54   1        EA=1;
C51 COMPILER V9.54   TASK_2                                                                11/24/2018 13:50:33 PAGE 2   

  55   1        TR0=1;  
  56   1      }
  57          
  58          
  59          
  60          static i=0,t=0;      //static   
  61          //main function
  62          void main()
  63          {
  64   1         we(0);
  65   1         P0=du[0];
  66   1         timer0();
  67   1      
  68   1         while(t<12);
  69   1        EA=0;
  70   1        P0=0;
  71   1         while(1);
  72   1      }
  73          void exit() interrupt 1
  74          {
  75   1          TH0=0XFC;
  76   1        TL0=0X18;
  77   1        i++;
  78   1        if(i==1000)
  79   1        {
  80   2          i=0;
  81   2          t++;
  82   2        }
  83   1        if(t<10)
  84   1        {
  85   2        we(0);
  86   2        P0=du[t];
  87   2        }
  88   1        else
  89   1        {
  90   2          we(0);
  91   2          P0=du[0];
  92   2          delay(500);
  93   2          P0=0;
  94   2          we(1);
  95   2          P0=du[1];
  96   2          delay(500);
  97   2          P0=0;
  98   2        }
  99   1        
 100   1      }
 101            


MODULE INFORMATION:   STATIC OVERLAYABLE
   CODE SIZE        =    363    ----
   CONSTANT SIZE    =     16    ----
   XDATA SIZE       =   ----    ----
   PDATA SIZE       =   ----    ----
   DATA SIZE        =      4       2
   IDATA SIZE       =   ----    ----
   BIT SIZE         =   ----    ----
END OF MODULE INFORMATION.


C51 COMPILATION COMPLETE.  0 WARNING(S),  0 ERROR(S)
