C51 COMPILER V9.54   TASK_4                                                                11/21/2018 16:37:22 PAGE 1   


C51 COMPILER V9.54, COMPILATION OF MODULE TASK_4
OBJECT MODULE PLACED IN .\Objects\Task 4.obj
COMPILER INVOKED BY: C:\Keil_v5\C51\BIN\C51.EXE Task 4.c OPTIMIZE(8,SPEED) BROWSE DEBUG OBJECTEXTEND PRINT(.\Listings\Ta
                    -sk 4.lst) TABS(2) OBJECT(.\Objects\Task 4.obj)

line level    source

   1          #include<reg52.h>
   2          #include<math.h>
   3          typedef unsigned int ui;
   4          sbit led0=P2^0;
   5          sbit led1=P2^1;
   6          sbit led2=P2^2;
   7          sbit led3=P2^3;
   8          sbit led4=P2^4;
   9          sbit led5=P2^5;
  10          sbit led6=P2^6;
  11          sbit led7=P2^7;
  12          
  13          
  14          
  15          int f(int i)
  16          {
  17   1         int n=0;
  18   1        
  19   1        while(8-i>0) n=pow(2,i)+n,i++;
  20   1        return n;
  21   1        
  22   1      }
  23          
  24          
  25          void timer0()    
  26          {
  27   1        TMOD=0X01;
  28   1        TH0=0XFC;
  29   1        TL0=0X18;      // 1ms
  30   1        ET0=1;
  31   1        EA=1;
  32   1        TR0=1;  
  33   1      }
  34          
  35          
  36          void delay(unsigned int i)   //i=1 10us
  37          {
  38   1        while(i--);
  39   1      }
  40          
  41          //main function
  42          void main()
  43          {
  44   1          int i,j,aw;
  45   1        for(j=8;i>=0;j--)
  46   1        {
  47   2            if(j==0) break;
  48   2            for(i=0;i<j;i++)
  49   2           {
  50   3           aw=f(j)+pow(2,i);
  51   3             aw=~aw;
  52   3             P2=aw;
  53   3           delay(1e4);
  54   3            
C51 COMPILER V9.54   TASK_4                                                                11/21/2018 16:37:22 PAGE 2   

  55   3           }
  56   2      
  57   2         }
  58   1          P2=~0;
  59   1        
  60   1        while(1);
  61   1          
  62   1      }


MODULE INFORMATION:   STATIC OVERLAYABLE
   CODE SIZE        =    291    ----
   CONSTANT SIZE    =   ----    ----
   XDATA SIZE       =   ----    ----
   PDATA SIZE       =   ----    ----
   DATA SIZE        =   ----       8
   IDATA SIZE       =   ----    ----
   BIT SIZE         =   ----    ----
END OF MODULE INFORMATION.


C51 COMPILATION COMPLETE.  0 WARNING(S),  0 ERROR(S)
