C51 COMPILER V9.54   TASK_6                                                                12/01/2018 19:07:14 PAGE 1   


C51 COMPILER V9.54, COMPILATION OF MODULE TASK_6
OBJECT MODULE PLACED IN .\Objects\Task 6.obj
COMPILER INVOKED BY: C:\Keil_v5\C51\BIN\C51.EXE Task 6.c OPTIMIZE(8,SPEED) BROWSE DEBUG OBJECTEXTEND PRINT(.\Listings\Ta
                    -sk 6.lst) TABS(2) OBJECT(.\Objects\Task 6.obj)

line level    source

   1          #include<reg52.h>
   2          #include<math.h>
   3          #define  A  ((z=key())==-1)||((z=key())==10)
   4          typedef unsigned int ui;
   5          typedef unsigned char uc;
   6          sbit led0=P2^0;
   7          sbit led1=P2^1;
   8          sbit led2=P2^2;
   9          sbit led3=P2^3;
  10          sbit led4=P2^4;
  11          sbit led5=P2^5;
  12          sbit led6=P2^6;
  13          sbit led7=P2^7;
  14          sbit LSA=P2^2;
  15          sbit LSB=P2^3;
  16          sbit LSC=P2^4;
  17          static char keynum;
  18          char code du[17]={0x3f,0x06,0x5b,0x4f,0x66,0x6d,0x7d,0x07,
  19                                                 0x7f,0x6f,0x77,0x7c,0x39,0x5e,0x79,0x71,0};
  20          char buf[8];
  21           void delay(unsigned int i)   //i=1 10us
  22          {
  23   1        while(i--);
  24   1      }
  25          
  26          void we(char i)   //??0~7
  27          {
  28   1        switch(i)
  29   1        {
  30   2          case 0:LSA=0,LSB=0,LSC=0;break;
  31   2          case 1:LSA=1,LSB=0,LSC=0;break;
  32   2          case 2:LSA=0,LSB=1,LSC=0;break;
  33   2          case 3:LSA=1,LSB=1,LSC=0;break;
  34   2          case 4:LSA=0,LSB=0,LSC=1;break;
  35   2          case 5:LSA=1,LSB=0,LSC=1;break;
  36   2          case 6:LSA=0,LSB=1,LSC=1;break;
  37   2          case 7:LSA=1,LSB=1,LSC=1;
  38   2        }
  39   1      }
  40          
  41          void divide(int i)      //led buf
  42          {
  43   1        int t=1;
  44   1        char r;
  45   1        for(r=0;r<8;r++)
  46   1        { 
  47   2            buf[r]=i/t%10;
  48   2            t=t*10;
  49   2        }
  50   1        for(r=7;r>=0;r--)
  51   1        { 
  52   2          if(buf[r]==0) buf[r]=16;
  53   2          else break;
  54   2        }
C51 COMPILER V9.54   TASK_6                                                                12/01/2018 19:07:14 PAGE 2   

  55   1      }
  56          
  57          static int t,s;
  58          void display(int t)
  59          {
  60   1        char n[4],i,m=1;
  61   1        for(i=0;i<4;i++)
  62   1        {
  63   2          n[i]=t%10;
  64   2          t=t/10;
  65   2        }
  66   1          for(i=3;i>0;i--)
  67   1        { 
  68   2          if(n[i]==0)   n[i]=16;
  69   2          if( n[i-1]!=0)   break;
  70   2        }
  71   1        for(i=3;i>=0;i--)
  72   1        {
  73   2           P0=0;
  74   2          we(i);
  75   2          m=n[i];
  76   2          P0=du[m];
  77   2          delay(100);
  78   2        }
  79   1      }
  80          
  81          void see(int i,char j)
  82          {
  83   1           we(j);
  84   1           
  85   1            i=i/pow(10,j);
  86   1            if(i%10!=0)
  87   1           P0=du[i%10];
  88   1           
  89   1      }
  90          
  91          void timer0()    
  92          {
  93   1        TMOD=0X01;
  94   1        TH0=0XFC;
  95   1        TL0=0X18;      // 1ms
  96   1        ET0=1;
  97   1        EA=1;
  98   1        TR0=1;  
  99   1      }
 100          int z;      //z=0
 101          int key()       //key()
 102          {
 103   1        char a=0;
 104   1        P1=0x0f;
 105   1        if(P1!=0x0f)
 106   1        {
 107   2          delay(1000);
 108   2          if(P1!=0x0f)
 109   2          { 
 110   3            
 111   3            P1=0X0F;
 112   3            switch(P1)
 113   3            {
 114   4              case(0X07): keynum=0;break;
 115   4              case(0X0b): keynum=1;break;
 116   4              case(0X0d): keynum=2;break;
C51 COMPILER V9.54   TASK_6                                                                12/01/2018 19:07:14 PAGE 3   

 117   4              case(0X0e): keynum=3;break;
 118   4            }
 119   3            
 120   3            P1=0XF0;
 121   3            switch(P1)
 122   3            {
 123   4              case(0X70): keynum=keynum;break;
 124   4              case(0Xb0): keynum=keynum+4;break;
 125   4              case(0Xd0): keynum=keynum+8;break;
 126   4              case(0Xe0): keynum=keynum+12;break;
 127   4            }
 128   3            while((a<50)&&(P1!=0xf0))  
 129   3            {
 130   4              delay(1000);
 131   4              a++;
 132   4            } 
 133   3            if (keynum==10)    return 2;
 134   3            else return 0;
 135   3          }
 136   2          else return 1;
 137   2        }
 138   1          else return 1;
 139   1      }
 140          
 141          
 142          char u=0;
 143          bit g=0;
 144          char q,j;
 145          void main()
 146          { 
 147   1          
 148   1      
 149   1          D:;
 150   1          delay(1e6);   
 151   1         while(key()) display(t);
 152   1           if(keynum<10) t=keynum,s=t;
 153   1              G:;
 154   1              delay(1e6);
 155   1              
 156   1         while(z=key())   { if(z==2) {t=0;goto D; } display(t);}
 157   1          delay(1e6);
 158   1          if(keynum<10) t=t*10+keynum,s=t;
 159   1          else goto E;
 160   1      
 161   1          while(z=key())    {  if(z==2) {t=t/10;goto G;}display(t);    }
 162   1      
 163   1            E:;
 164   1          if(keynum==12) q=1;
 165   1          if(keynum==13) q=2;
 166   1          if(keynum==14) q=3;
 167   1            if(keynum==15) q=4;
 168   1            t=0;
 169   1            H:;
 170   1         delay(1e6);    
 171   1      
 172   1         while(z=key())   display(t);
 173   1          if(keynum<10) t=keynum;
 174   1          J:;
 175   1            delay(1e6);   
 176   1           while(z=key())    {   if(z==2) {t=0;goto H;}display(t);  }
 177   1          if(keynum<10) t=t*10+keynum;
 178   1          else goto F;
C51 COMPILER V9.54   TASK_6                                                                12/01/2018 19:07:14 PAGE 4   

 179   1          
 180   1              delay(1e6);   
 181   1            while(z=key()) 
 182   1            {  
 183   2            if(z==2)   
 184   2            {t=t/10; goto J;}
 185   2            display(t); 
 186   2            }
 187   1              F:;
 188   1            if(q==1) t=t+s;
 189   1            if(q==2) t=s-t;
 190   1            if(q==3) t=t*s;
 191   1            if( q==4)t=s/t;
 192   1            while(1)  display(t);
 193   1        
 194   1      }
 195          
 196          
 197             
 198          
 199          


MODULE INFORMATION:   STATIC OVERLAYABLE
   CODE SIZE        =    982    ----
   CONSTANT SIZE    =     17    ----
   XDATA SIZE       =   ----    ----
   PDATA SIZE       =   ----    ----
   DATA SIZE        =     18      13
   IDATA SIZE       =   ----    ----
   BIT SIZE         =      1    ----
END OF MODULE INFORMATION.


C51 COMPILATION COMPLETE.  0 WARNING(S),  0 ERROR(S)
