C51 COMPILER V9.54   TASK_3                                                                11/21/2018 15:53:33 PAGE 1   


C51 COMPILER V9.54, COMPILATION OF MODULE TASK_3
OBJECT MODULE PLACED IN .\Objects\Task 3.obj
COMPILER INVOKED BY: C:\Keil_v5\C51\BIN\C51.EXE Task 3.c OPTIMIZE(8,SPEED) BROWSE DEBUG OBJECTEXTEND PRINT(.\Listings\Ta
                    -sk 3.lst) TABS(2) OBJECT(.\Objects\Task 3.obj)

line level    source

   1          #include<reg52.h>
   2          typedef unsigned int ui;
   3          sbit led0=P2^0;
   4          sbit led1=P2^1;
   5          sbit led2=P2^2;
   6          sbit led3=P2^3;
   7          sbit led4=P2^4;
   8          sbit led5=P2^5;
   9          sbit led6=P2^6;
  10          sbit led7=P2^7;
  11          static ui  j=0,m=0;
  12          void timer0()    
  13          {
  14   1        TMOD=0X01;
  15   1        TH0=0XFC;
  16   1        TL0=0X18;      // 1ms
  17   1        ET0=1;
  18   1        EA=1;
  19   1        TR0=1;  
  20   1      }
  21          void delay(unsigned int i)   //i=1 10us
  22          {
  23   1        while(i--);
  24   1      }
  25          void main()
  26          {
  27   1         
  28   1        timer0();
  29   1      
  30   1          P2=0;
  31   1          while(m<40);
  32   1         EA=0;
  33   1        P2=~0;
  34   1        while(1);
  35   1          
  36   1        }
  37            
  38            void exit1() interrupt 1
  39            {
  40   1           ui n;
  41   1            TH0=0XFC;
  42   1            TL0=0X18; 
  43   1            j++;
  44   1          if(j==100)
  45   1          {
  46   2              j=0;
  47   2              if(m==0) delay(1e7),n=0x01;
  48   2              m++;
  49   2            if(m%5==0)
  50   2            {
  51   3            n=0x01<<(m/5);
  52   3            
  53   3            }
  54   2            P2=n;
C51 COMPILER V9.54   TASK_3                                                                11/21/2018 15:53:33 PAGE 2   

  55   2          }
  56   1          
  57   1        }
  58            
  59            


MODULE INFORMATION:   STATIC OVERLAYABLE
   CODE SIZE        =    187    ----
   CONSTANT SIZE    =   ----    ----
   XDATA SIZE       =   ----    ----
   PDATA SIZE       =   ----    ----
   DATA SIZE        =      4    ----
   IDATA SIZE       =   ----    ----
   BIT SIZE         =   ----    ----
END OF MODULE INFORMATION.


C51 COMPILATION COMPLETE.  0 WARNING(S),  0 ERROR(S)
