C51 COMPILER V9.54   TASK_1                                                                11/23/2018 15:57:18 PAGE 1   


C51 COMPILER V9.54, COMPILATION OF MODULE TASK_1
OBJECT MODULE PLACED IN .\Objects\Task 1.obj
COMPILER INVOKED BY: C:\Keil_v5\C51\BIN\C51.EXE Task 1.c OPTIMIZE(8,SPEED) BROWSE DEBUG OBJECTEXTEND PRINT(.\Listings\Ta
                    -sk 1.lst) TABS(2) OBJECT(.\Objects\Task 1.obj)

line level    source

   1          #include<reg52.h>
   2          #include<math.h>
   3          typedef unsigned int ui;
   4          typedef unsigned char uc;
   5          sbit led0=P2^0;
   6          sbit led1=P2^1;
   7          sbit led2=P2^2;
   8          sbit led3=P2^3;
   9          sbit led4=P2^4;
  10          sbit led5=P2^5;
  11          sbit led6=P2^6;
  12          sbit led7=P2^7;
  13          sbit LSA=P2^2;
  14          sbit LSB=P2^3;
  15          sbit LSC=P2^4;
  16          char code we[][3]={0,0,0,0,0,0,1,0,0,0,1,0,1,1,0,0,0,1,1,0,1,0,1,1,1,1,1};
  17            char code du[]={0x3f,0x06,0x5b,0x4f,0x66,0x6d,0x7d,0x07,
  18                                                 0x7f,0x6f,0x77,0x7c,0x39,0x5e,0x79,0x71};
  19          
  20          
  21          void timer0()    
  22          {
  23   1        TMOD=0X01;
  24   1        TH0=0XFC;
  25   1        TL0=0X18;      // 1ms
  26   1        ET0=1;
  27   1        EA=1;
  28   1        TR0=1;  
  29   1      }
  30          
  31          
  32          void delay(unsigned int i)   //i=1 10us
  33          {
  34   1        while(i--);
  35   1      }
  36          
  37          //main function
  38          void main()
  39          {
  40   1         
  41   1        
  42   1      while(1)
  43   1      {
  44   2                   LSA=we[2][0],LSB=we[2][1],LSC=we[2][2];
  45   2          P0=du[6];
  46   2        delay(500);
  47   2        P0=0;
  48   2                   LSA=we[5][0],LSB=we[5][1],LSC=we[5][2];
  49   2          P0=du[6];
  50   2        delay(500);
  51   2          P0=0;
  52   2                   LSA=we[8][0],LSB=we[8][1],LSC=we[8][2];
  53   2          P0=du[6];
  54   2          delay(500);
C51 COMPILER V9.54   TASK_1                                                                11/23/2018 15:57:18 PAGE 2   

  55   2          P0=0;
  56   2      }
  57   1           
  58   1      }


MODULE INFORMATION:   STATIC OVERLAYABLE
   CODE SIZE        =     87    ----
   CONSTANT SIZE    =     43    ----
   XDATA SIZE       =   ----    ----
   PDATA SIZE       =   ----    ----
   DATA SIZE        =   ----    ----
   IDATA SIZE       =   ----    ----
   BIT SIZE         =   ----    ----
END OF MODULE INFORMATION.


C51 COMPILATION COMPLETE.  0 WARNING(S),  0 ERROR(S)
