C51 COMPILER V9.54   TASK_3                                                                12/02/2018 20:19:31 PAGE 1   


C51 COMPILER V9.54, COMPILATION OF MODULE TASK_3
OBJECT MODULE PLACED IN .\Objects\Task 3.obj
COMPILER INVOKED BY: C:\Keil_v5\C51\BIN\C51.EXE Task 3.c OPTIMIZE(8,SPEED) BROWSE DEBUG OBJECTEXTEND PRINT(.\Listings\Ta
                    -sk 3.lst) TABS(2) OBJECT(.\Objects\Task 3.obj)

line level    source

   1          #include<reg52.h>
   2          #include<math.h>
   3          typedef unsigned int ui;
   4          typedef unsigned char uc;
   5          sbit led0=P2^0;
   6          sbit led1=P2^1;
   7          sbit led2=P2^2;
   8          sbit led3=P2^3;
   9          sbit led4=P2^4;
  10          sbit led5=P2^5;
  11          sbit led6=P2^6;
  12          sbit led7=P2^7;
  13          sbit LSA=P2^2;
  14          sbit LSB=P2^3;
  15          sbit LSC=P2^4;
  16          
  17            char code du[17]={0x3f,0x06,0x5b,0x4f,0x66,0x6d,0x7d,0x07,
  18                                                 0x7f,0x6f,0x77,0x7c,0x39,0x5e,0x79,0x71,0};
  19          
  20          void we(char i)   //??0~7
  21          {
  22   1        switch(i)
  23   1        {
  24   2          case 0:LSA=0,LSB=0,LSC=0;break;
  25   2          case 1:LSA=1,LSB=0,LSC=0;break;
  26   2          case 2:LSA=0,LSB=1,LSC=0;break;
  27   2          case 3:LSA=1,LSB=1,LSC=0;break;
  28   2          case 4:LSA=0,LSB=0,LSC=1;break;
  29   2          case 5:LSA=1,LSB=0,LSC=1;break;
  30   2          case 6:LSA=0,LSB=1,LSC=1;break;
  31   2          case 7:LSA=1,LSB=1,LSC=1;
  32   2        }
  33   1      }
  34          
  35          delay(unsigned int i)
  36          {
  37   1         while(i--);
  38   1      }
  39          
  40          void timer0()    
  41          {
  42   1        TMOD=0X01;
  43   1        TH0=0XFC;
  44   1        TL0=0X18;      // 1ms
  45   1        ET0=1;
  46   1        EA=1;
  47   1        TR0=1;  
  48   1      }
  49          
  50          void display(int t)
  51          {
  52   1        char n[2],i,m=1;
  53   1        for(i=0;i<2;i++)
  54   1        {
C51 COMPILER V9.54   TASK_3                                                                12/02/2018 20:19:31 PAGE 2   

  55   2          n[i]=t%10;
  56   2          t=t/10;
  57   2        }
  58   1          for(i=1;i>0;i--)
  59   1        { 
  60   2          if(n[i]==0)   n[i]=16;
  61   2          if( n[i-1]!=0)   break;
  62   2        }
  63   1        for(i=1;i>=0;i--)
  64   1        {
  65   2           P0=0;
  66   2          we(i);
  67   2          m=n[i];
  68   2          P0=du[m];
  69   2          delay(1000);
  70   2        }
  71   1      }
  72          char t=10;
  73          int h=0;
  74          void main()
  75          {
  76   1           timer0();
  77   1           while(1)
  78   1           {
  79   2           while(t>=0)  
  80   2           {
  81   3                display(t);
  82   3                led7=0;
  83   3           }
  84   2           t=2;
  85   2           while(t>=0)
  86   2           {
  87   3              P2=0xa3;
  88   3              delay(1000);
  89   3              P2=0xe3;
  90   3              delay(1000);
  91   3            }
  92   2            t=10;
  93   2            while(t>=0)
  94   2            {
  95   3            display(t);
  96   3            led5=0;
  97   3            }
  98   2         }
  99   1      }
 100          
 101          void exit()  interrupt 1
 102          {
 103   1            TH0=0XFC;
 104   1            TL0=0X18; 
 105   1            h++;
 106   1            if(h==1000)  t--,h=0;
 107   1            
 108   1      }
*** WARNING C290 IN LINE 38 OF Task 3.c: missing return value


MODULE INFORMATION:   STATIC OVERLAYABLE
   CODE SIZE        =    338    ----
   CONSTANT SIZE    =     17    ----
   XDATA SIZE       =   ----    ----
   PDATA SIZE       =   ----    ----
C51 COMPILER V9.54   TASK_3                                                                12/02/2018 20:19:31 PAGE 3   

   DATA SIZE        =      3       4
   IDATA SIZE       =   ----    ----
   BIT SIZE         =   ----    ----
END OF MODULE INFORMATION.


C51 COMPILATION COMPLETE.  1 WARNING(S),  0 ERROR(S)
