C51 COMPILER V9.54   TASK_1                                                                11/21/2018 14:32:15 PAGE 1   


C51 COMPILER V9.54, COMPILATION OF MODULE TASK_1
OBJECT MODULE PLACED IN .\Objects\Task 1.obj
COMPILER INVOKED BY: C:\Keil_v5\C51\BIN\C51.EXE Task 1.c OPTIMIZE(8,SPEED) BROWSE DEBUG OBJECTEXTEND PRINT(.\Listings\Ta
                    -sk 1.lst) TABS(2) OBJECT(.\Objects\Task 1.obj)

line level    source

   1          #include <stdio.h>
   2          #include <stdlib.h>
   3          #include<reg52.h>
   4          #define uc unsigned char
   5          #define ui unsigned int
   6          sbit led0=P2^0;
   7          sbit led2=P2^2;
   8          sbit led4=P2^4;
   9          sbit led6=P2^6;
  10          void main()
  11          {
  12   1        led0=0;
  13   1        led2=0;
  14   1        led4=0;
  15   1        led6=0;
  16   1      
  17   1      }


MODULE INFORMATION:   STATIC OVERLAYABLE
   CODE SIZE        =      9    ----
   CONSTANT SIZE    =   ----    ----
   XDATA SIZE       =   ----    ----
   PDATA SIZE       =   ----    ----
   DATA SIZE        =   ----    ----
   IDATA SIZE       =   ----    ----
   BIT SIZE         =   ----    ----
END OF MODULE INFORMATION.


C51 COMPILATION COMPLETE.  0 WARNING(S),  0 ERROR(S)
