C51 COMPILER V9.54   TASK_2                                                                11/23/2018 16:05:47 PAGE 1   


C51 COMPILER V9.54, COMPILATION OF MODULE TASK_2
OBJECT MODULE PLACED IN .\Objects\Task 2.obj
COMPILER INVOKED BY: C:\Keil_v5\C51\BIN\C51.EXE Task 2.c OPTIMIZE(8,SPEED) BROWSE DEBUG OBJECTEXTEND PRINT(.\Listings\Ta
                    -sk 2.lst) TABS(2) OBJECT(.\Objects\Task 2.obj)

line level    source

   1          #include<reg52.h>
   2          #include<math.h>
   3          typedef unsigned int ui;
   4          typedef unsigned char uc;
   5          sbit led0=P2^0;
   6          sbit led1=P2^1;
   7          sbit led2=P2^2;
   8          sbit led3=P2^3;
   9          sbit led4=P2^4;
  10          sbit led5=P2^5;
  11          sbit led6=P2^6;
  12          sbit led7=P2^7;
  13          sbit LSA=P2^2;
  14          sbit LSB=P2^3;
  15          sbit LSC=P2^4;
  16          char code we[][3]={0,0,0,1,0,0,0,1,0,1,1,0,0,0,1,1,0,1,0,1,1,1,1,1};
  17            char code du[]={0x3f,0x06,0x5b,0x4f,0x66,0x6d,0x7d,0x07,
  18                                                 0x7f,0x6f,0x77,0x7c,0x39,0x5e,0x79,0x71};
  19          
  20          
  21          void timer0()    
  22          {
  23   1        TMOD=0X01;
  24   1        TH0=0XFC;
  25   1        TL0=0X18;      // 1ms
  26   1        ET0=1;
  27   1        EA=1;
  28   1        TR0=1;  
  29   1      }
  30          
  31          
  32          void delay(unsigned int i)   //i=1 10us
  33          {
  34   1        while(i--);
  35   1      }
  36          
  37          //main function
  38          void main()
  39          {
  40   1        int i;
  41   1        for(i=0;i<8;i++)
  42   1        {
  43   2              LSA=we[i][0],LSB=we[i][1],LSC=we[i][2];
  44   2              P0=du[i+1];
  45   2              delay(100);
  46   2              P0=0;
  47   2             if(i==7) i=-1;
  48   2        }
  49   1        
  50   1      }
  51             


MODULE INFORMATION:   STATIC OVERLAYABLE
C51 COMPILER V9.54   TASK_2                                                                11/23/2018 16:05:47 PAGE 2   

   CODE SIZE        =    156    ----
   CONSTANT SIZE    =     40    ----
   XDATA SIZE       =   ----    ----
   PDATA SIZE       =   ----    ----
   DATA SIZE        =   ----    ----
   IDATA SIZE       =   ----    ----
   BIT SIZE         =   ----    ----
END OF MODULE INFORMATION.


C51 COMPILATION COMPLETE.  0 WARNING(S),  0 ERROR(S)
