C51 COMPILER V9.54   TASK_3                                                                11/23/2018 16:39:49 PAGE 1   


C51 COMPILER V9.54, COMPILATION OF MODULE TASK_3
OBJECT MODULE PLACED IN .\Objects\Task 3.obj
COMPILER INVOKED BY: C:\Keil_v5\C51\BIN\C51.EXE Task 3.c OPTIMIZE(8,SPEED) BROWSE DEBUG OBJECTEXTEND PRINT(.\Listings\Ta
                    -sk 3.lst) TABS(2) OBJECT(.\Objects\Task 3.obj)

line level    source

   1          #include<reg52.h>
   2          #include<math.h>
   3          typedef unsigned int ui;
   4          typedef unsigned char uc;
   5          sbit led0=P2^0;
   6          sbit led1=P2^1;
   7          sbit led2=P2^2;
   8          sbit led3=P2^3;
   9          sbit led4=P2^4;
  10          sbit led5=P2^5;
  11          sbit led6=P2^6;
  12          sbit led7=P2^7;
  13          sbit LSA=P2^2;
  14          sbit LSB=P2^3;
  15          sbit LSC=P2^4;
  16          
  17            char code du[]={0x3f,0x06,0x5b,0x4f,0x66,0x6d,0x7d,0x07,
  18                                                 0x7f,0x6f,0x77,0x7c,0x39,0x5e,0x79,0x71};
  19          
  20          void we(int i)
  21          {
  22   1        switch(i)
  23   1        {
  24   2          case 0:LSA=0,LSB=0,LSC=0;
  25   2          case 1:LSA=1,LSB=0,LSC=0;
  26   2          case 2:LSA=0,LSB=1,LSC=0;
  27   2          case 3:LSA=1,LSB=1,LSC=0;
  28   2          case 4:LSA=0,LSB=0,LSC=1;
  29   2          case 5:LSA=1,LSB=0,LSC=1;
  30   2          case 6:LSA=0,LSB=1,LSC=1;
  31   2          case 7:LSA=1,LSB=1,LSC=1;
  32   2        }
  33   1      }
  34          
  35          
  36          void timer0()    
  37          {
  38   1        TMOD=0X01;
  39   1        TH0=0XFC;
  40   1        TL0=0X18;      // 1ms
  41   1        ET0=1;
  42   1        EA=1;
  43   1        TR0=1;  
  44   1      }
  45          
  46          
  47          void delay(unsigned int i)   //i=1 10us
  48          {
  49   1        while(i--);
  50   1      }
  51          
  52          //main function
  53          void main()
  54          {
C51 COMPILER V9.54   TASK_3                                                                11/23/2018 16:39:49 PAGE 2   

  55   1      while(1){
  56   2        while(1)
  57   2        {
  58   3        P1=0x0f;
  59   3        if(P1==0X07) 
  60   3        {
  61   4                if(P1==0X07) 
  62   4            {
  63   5                 P2=0;
  64   5                 break;
  65   5             }
  66   4        }
  67   3        }
  68   2        P1==0X0f;
*** WARNING C275 IN LINE 68 OF Task 3.c: expression with possibly no effect
  69   2        while(1){
  70   3        if(P1==0X0b) 
  71   3        {
  72   4                if(P1==0X0b) 
  73   4            {
  74   5                 P2=0xff;
  75   5                 break;
  76   5             }
  77   4        }
  78   3      }
  79   2      }
  80   1      }


MODULE INFORMATION:   STATIC OVERLAYABLE
   CODE SIZE        =    147    ----
   CONSTANT SIZE    =     16    ----
   XDATA SIZE       =   ----    ----
   PDATA SIZE       =   ----    ----
   DATA SIZE        =   ----    ----
   IDATA SIZE       =   ----    ----
   BIT SIZE         =   ----    ----
END OF MODULE INFORMATION.


C51 COMPILATION COMPLETE.  1 WARNING(S),  0 ERROR(S)
