C51 COMPILER V9.54   LED8X8                                                                12/31/2018 16:01:41 PAGE 1   


C51 COMPILER V9.54, COMPILATION OF MODULE LED8X8
OBJECT MODULE PLACED IN .\Objects\led8x8.obj
COMPILER INVOKED BY: C:\Keil_v5NEW\C51\BIN\C51.EXE led8x8.c OPTIMIZE(8,SPEED) BROWSE DEBUG OBJECTEXTEND PRINT(.\Listings
                    -\led8x8.lst) TABS(2) OBJECT(.\Objects\led8x8.obj)

line level    source

   1          #include <stdhead.h>
   2          sbit mov=P3^6;
   3          sbit sto=P3^5;
   4          sbit ser=P3^4;
   5          void main()
   6            {
   7   1      
   8   1         uc t;
   9   1        while(1)  
  10   1        {
  11   2          P2=0xfe<<t;
  12   2          delay(1000);
  13   2          t++;
  14   2          if(t==9) t=1;
  15   2        }
  16   1      }


MODULE INFORMATION:   STATIC OVERLAYABLE
   CODE SIZE        =    859    ----
   CONSTANT SIZE    =     17    ----
   XDATA SIZE       =   ----    ----
   PDATA SIZE       =   ----    ----
   DATA SIZE        =      9      18
   IDATA SIZE       =   ----    ----
   BIT SIZE         =   ----    ----
END OF MODULE INFORMATION.


C51 COMPILATION COMPLETE.  0 WARNING(S),  0 ERROR(S)
